c:\users\nabil\dropbox\esiee-in4i12-16\tp1\meshviewer-init\myproj\release\myvector3d.obj
c:\users\nabil\dropbox\esiee-in4i12-16\tp1\meshviewer-init\myproj\release\mypoint3d.obj
c:\users\nabil\dropbox\esiee-in4i12-16\tp1\meshviewer-init\myproj\release\myvertex.obj
c:\users\nabil\dropbox\esiee-in4i12-16\tp1\meshviewer-init\myproj\release\mymesh.obj
c:\users\nabil\dropbox\esiee-in4i12-16\tp1\meshviewer-init\myproj\release\myhalfedge.obj
c:\users\nabil\dropbox\esiee-in4i12-16\tp1\meshviewer-init\myproj\release\myface.obj
c:\users\nabil\dropbox\esiee-in4i12-16\tp1\meshviewer-init\myproj\release\main.obj
c:\users\nabil\dropbox\esiee-in4i12-16\tp1\meshviewer-init\myproj\release\vc110.pdb
c:\users\nabil\dropbox\esiee-in4i12-16\tp1\meshviewer-init\release\myproj.exe
c:\users\nabil\dropbox\esiee-in4i12-16\tp1\meshviewer-init\release\myproj.pdb
c:\users\nabil\dropbox\esiee-in4i12-16\tp1\meshviewer-init\myproj\release\vc140.pdb
c:\users\nabil\dropbox\esiee-in4i12-16\tp1\meshviewer-init\release\myproj.ipdb
c:\users\nabil\dropbox\esiee-in4i12-16\tp1\meshviewer-init\release\myproj.iobj
c:\users\nabil\dropbox\esiee-in4i12-16\tp1\meshviewer-init\myproj\release\cl.command.1.tlog
c:\users\nabil\dropbox\esiee-in4i12-16\tp1\meshviewer-init\myproj\release\cl.read.1.tlog
c:\users\nabil\dropbox\esiee-in4i12-16\tp1\meshviewer-init\myproj\release\cl.write.1.tlog
c:\users\nabil\dropbox\esiee-in4i12-16\tp1\meshviewer-init\myproj\release\link-cvtres.read.1.tlog
c:\users\nabil\dropbox\esiee-in4i12-16\tp1\meshviewer-init\myproj\release\link-cvtres.write.1.tlog
c:\users\nabil\dropbox\esiee-in4i12-16\tp1\meshviewer-init\myproj\release\link-rc.read.1.tlog
c:\users\nabil\dropbox\esiee-in4i12-16\tp1\meshviewer-init\myproj\release\link-rc.write.1.tlog
c:\users\nabil\dropbox\esiee-in4i12-16\tp1\meshviewer-init\myproj\release\link.command.1.tlog
c:\users\nabil\dropbox\esiee-in4i12-16\tp1\meshviewer-init\myproj\release\link.read.1.tlog
c:\users\nabil\dropbox\esiee-in4i12-16\tp1\meshviewer-init\myproj\release\link.write.1.tlog
c:\users\nabil\dropbox\esiee-in4i12-16\tp1\meshviewer-init\myproj\release\myproj.tlog\cl.command.1.tlog
c:\users\nabil\dropbox\esiee-in4i12-16\tp1\meshviewer-init\myproj\release\myproj.tlog\cl.read.1.tlog
c:\users\nabil\dropbox\esiee-in4i12-16\tp1\meshviewer-init\myproj\release\myproj.tlog\cl.write.1.tlog
c:\users\nabil\dropbox\esiee-in4i12-16\tp1\meshviewer-init\myproj\release\myproj.tlog\link.command.1.tlog
c:\users\nabil\dropbox\esiee-in4i12-16\tp1\meshviewer-init\myproj\release\myproj.tlog\link.read.1.tlog
c:\users\nabil\dropbox\esiee-in4i12-16\tp1\meshviewer-init\myproj\release\myproj.tlog\link.write.1.tlog
